<?xml version="1.0" encoding="UTF-8"?>
<robot generated="20180509 14:51:31.922" generator="Robot 3.0.2 (Python 2.7.14 on win32)">
<suite source="C:\Users\Krittaya\git\UI\Automated-11st" id="s1" name="Automated-11st">
<suite source="C:\Users\Krittaya\git\UI\Automated-11st\Main" id="s1-s1" name="Main">
<suite source="C:\Users\Krittaya\git\UI\Automated-11st\Main\Main.robot" id="s1-s1-s1" name="Main">
<kw type="setup" name="Open Browser" library="Selenium2Library">
<doc>Opens a new browser instance to the given ``url``.</doc>
<arguments>
<arg>http://www.11street.co.th</arg>
<arg>Chrome</arg>
</arguments>
<msg timestamp="20180509 14:51:32.147" level="INFO">Opening browser 'Chrome' to base url 'http://www.11street.co.th'.</msg>
<status status="PASS" endtime="20180509 14:51:36.966" starttime="20180509 14:51:32.146"></status>
</kw>
<test id="s1-s1-s1-t1" name="Check Open Homepage">
<kw name="Maximize Browser Window" library="Selenium2Library">
<doc>Maximizes current browser window.</doc>
<status status="PASS" endtime="20180509 14:51:38.111" starttime="20180509 14:51:36.969"></status>
</kw>
<kw name="Login to Homepage" library="Login">
<kw name="Maximize Browser Window" library="Selenium2Library">
<doc>Maximizes current browser window.</doc>
<status status="PASS" endtime="20180509 14:51:38.115" starttime="20180509 14:51:38.112"></status>
</kw>
<kw name="Click Element" library="Selenium2Library">
<doc>Click element identified by ``locator``.</doc>
<arguments>
<arg>${Login}</arg>
</arguments>
<msg timestamp="20180509 14:51:38.116" level="INFO">Clicking element 'id = gnbLogin'.</msg>
<kw name="Capture Page Screenshot" library="Selenium2Library">
<doc>Takes screenshot of the current page and embeds it into log file.</doc>
<msg timestamp="20180509 14:51:38.414" html="yes" level="INFO">&lt;/td&gt;&lt;/tr&gt;&lt;tr&gt;&lt;td colspan="3"&gt;&lt;a href="selenium-screenshot-1.png"&gt;&lt;img src="selenium-screenshot-1.png" width="800px"&gt;&lt;/a&gt;</msg>
<status status="PASS" endtime="20180509 14:51:38.415" starttime="20180509 14:51:38.148"></status>
</kw>
<msg timestamp="20180509 14:51:38.417" level="FAIL">Element with locator 'id = gnbLogin' not found.</msg>
<status status="FAIL" endtime="20180509 14:51:38.418" starttime="20180509 14:51:38.116"></status>
</kw>
<status status="FAIL" endtime="20180509 14:51:38.419" starttime="20180509 14:51:38.111"></status>
</kw>
<status status="FAIL" endtime="20180509 14:51:38.419" critical="yes" starttime="20180509 14:51:36.967">Element with locator 'id = gnbLogin' not found.</status>
</test>
<test id="s1-s1-s1-t2" name="Search Product">
<kw name="Search EN" library="Search">
<kw name="Click Element" library="Selenium2Library">
<doc>Click element identified by ``locator``.</doc>
<arguments>
<arg>${SearchField}</arg>
</arguments>
<msg timestamp="20180509 14:51:38.423" level="INFO">Clicking element 'id = AKCKwd'.</msg>
<kw name="Capture Page Screenshot" library="Selenium2Library">
<doc>Takes screenshot of the current page and embeds it into log file.</doc>
<msg timestamp="20180509 14:51:38.699" html="yes" level="INFO">&lt;/td&gt;&lt;/tr&gt;&lt;tr&gt;&lt;td colspan="3"&gt;&lt;a href="selenium-screenshot-2.png"&gt;&lt;img src="selenium-screenshot-2.png" width="800px"&gt;&lt;/a&gt;</msg>
<status status="PASS" endtime="20180509 14:51:38.699" starttime="20180509 14:51:38.436"></status>
</kw>
<msg timestamp="20180509 14:51:38.701" level="FAIL">Element with locator 'id = AKCKwd' not found.</msg>
<status status="FAIL" endtime="20180509 14:51:38.701" starttime="20180509 14:51:38.422"></status>
</kw>
<status status="FAIL" endtime="20180509 14:51:38.701" starttime="20180509 14:51:38.421"></status>
</kw>
<status status="FAIL" endtime="20180509 14:51:38.702" critical="yes" starttime="20180509 14:51:38.421">Element with locator 'id = AKCKwd' not found.</status>
</test>
<test id="s1-s1-s1-t3" name="Add To Shopping Cart">
<kw name="Add To Cart" library="ShoppingCart">
<kw name="Sleep" library="BuiltIn">
<doc>Pauses the test executed for the given time.</doc>
<arguments>
<arg>3</arg>
</arguments>
<msg timestamp="20180509 14:51:41.705" level="INFO">Slept 3 seconds</msg>
<status status="PASS" endtime="20180509 14:51:41.707" starttime="20180509 14:51:38.705"></status>
</kw>
<kw name="Click Element" library="Selenium2Library">
<doc>Click element identified by ``locator``.</doc>
<arguments>
<arg>${addToCart_btn}</arg>
</arguments>
<msg timestamp="20180509 14:51:41.710" level="INFO">Clicking element 'xpath = //div[@class='btn_go']/a[contains(@onclick, 'addToCart')]'.</msg>
<kw name="Capture Page Screenshot" library="Selenium2Library">
<doc>Takes screenshot of the current page and embeds it into log file.</doc>
<msg timestamp="20180509 14:51:41.878" level="FAIL">NoSuchWindowException: Message: no such window: target window already closed
from unknown error: web view not found
  (Session info: chrome=66.0.3359.139)
  (Driver info: chromedriver=2.37.544315 (730aa6a5fdba159ac9f4c1e8cbc59bf1b5ce12b7),platform=Windows NT 10.0.16299 x86_64)
</msg>
<status status="FAIL" endtime="20180509 14:51:41.878" starttime="20180509 14:51:41.868"></status>
</kw>
<msg timestamp="20180509 14:51:41.879" level="WARN">Keyword 'Capture Page Screenshot' could not be run on failure: NoSuchWindowException: Message: no such window: target window already closed
from unknown error: web view not found
  (Session info: chrome=66.0.3359.139)
  (Driver info: chromedriver=2.37.544315 (730aa6a5fdba159ac9f4c1e8cbc59bf1b5ce12b7),platform=Windows NT 10.0.16299 x86_64)
</msg>
<msg timestamp="20180509 14:51:41.880" level="FAIL">Element with locator 'xpath = //div[@class='btn_go']/a[contains(@onclick, 'addToCart')]' not found.</msg>
<status status="FAIL" endtime="20180509 14:51:41.881" starttime="20180509 14:51:41.708"></status>
</kw>
<status status="FAIL" endtime="20180509 14:51:41.881" starttime="20180509 14:51:38.704"></status>
</kw>
<status status="FAIL" endtime="20180509 14:51:41.883" critical="yes" starttime="20180509 14:51:38.703">Element with locator 'xpath = //div[@class='btn_go']/a[contains(@onclick, 'addToCart')]' not found.</status>
</test>
<test id="s1-s1-s1-t4" name="Buy Product">
<kw name="Switch to Product Detail Page" library="BuyProduct">
<tags>
<tag>MultiWindow</tag>
</tags>
<arguments>
<arg>เดรส</arg>
</arguments>
<kw name="Wait Until Page Contains Element" library="Selenium2Library">
<doc>Waits until element ``locator`` appears on current page.</doc>
<arguments>
<arg>${FieldSet}</arg>
</arguments>
<kw name="Capture Page Screenshot" library="Selenium2Library">
<doc>Takes screenshot of the current page and embeds it into log file.</doc>
<msg timestamp="20180509 14:51:41.911" level="FAIL">NoSuchWindowException: Message: no such window: target window already closed
from unknown error: web view not found
  (Session info: chrome=66.0.3359.139)
  (Driver info: chromedriver=2.37.544315 (730aa6a5fdba159ac9f4c1e8cbc59bf1b5ce12b7),platform=Windows NT 10.0.16299 x86_64)
</msg>
<status status="FAIL" endtime="20180509 14:51:41.912" starttime="20180509 14:51:41.899"></status>
</kw>
<msg timestamp="20180509 14:51:41.914" level="WARN">Keyword 'Capture Page Screenshot' could not be run on failure: NoSuchWindowException: Message: no such window: target window already closed
from unknown error: web view not found
  (Session info: chrome=66.0.3359.139)
  (Driver info: chromedriver=2.37.544315 (730aa6a5fdba159ac9f4c1e8cbc59bf1b5ce12b7),platform=Windows NT 10.0.16299 x86_64)
</msg>
<msg timestamp="20180509 14:51:41.917" level="FAIL">NoSuchWindowException: Message: no such window: target window already closed
from unknown error: web view not found
  (Session info: chrome=66.0.3359.139)
  (Driver info: chromedriver=2.37.544315 (730aa6a5fdba159ac9f4c1e8cbc59bf1b5ce12b7),platform=Windows NT 10.0.16299 x86_64)
</msg>
<status status="FAIL" endtime="20180509 14:51:41.918" starttime="20180509 14:51:41.895"></status>
</kw>
<status status="FAIL" endtime="20180509 14:51:41.919" starttime="20180509 14:51:41.889"></status>
</kw>
<status status="FAIL" endtime="20180509 14:51:41.921" critical="yes" starttime="20180509 14:51:41.884">NoSuchWindowException: Message: no such window: target window already closed
from unknown error: web view not found
  (Session info: chrome=66.0.3359.139)
  (Driver info: chromedriver=2.37.544315 (730aa6a5fdba159ac9f4c1e8cbc59bf1b5ce12b7),platform=Windows NT 10.0.16299 x86_64)
</status>
</test>
<status status="FAIL" endtime="20180509 14:51:41.927" starttime="20180509 14:51:31.966"></status>
</suite>
<status status="FAIL" endtime="20180509 14:51:41.932" starttime="20180509 14:51:31.964"></status>
</suite>
<status status="FAIL" endtime="20180509 14:51:41.945" starttime="20180509 14:51:31.943"></status>
</suite>
<statistics>
<total>
<stat fail="4" pass="0">Critical Tests</stat>
<stat fail="4" pass="0">All Tests</stat>
</total>
<tag>
</tag>
<suite>
<stat fail="4" id="s1" name="Automated-11st" pass="0">Automated-11st</stat>
<stat fail="4" id="s1-s1" name="Main" pass="0">Automated-11st.Main</stat>
<stat fail="4" id="s1-s1-s1" name="Main" pass="0">Automated-11st.Main.Main</stat>
</suite>
</statistics>
<errors>
<msg timestamp="20180509 14:51:41.879" level="WARN">Keyword 'Capture Page Screenshot' could not be run on failure: NoSuchWindowException: Message: no such window: target window already closed
from unknown error: web view not found
  (Session info: chrome=66.0.3359.139)
  (Driver info: chromedriver=2.37.544315 (730aa6a5fdba159ac9f4c1e8cbc59bf1b5ce12b7),platform=Windows NT 10.0.16299 x86_64)
</msg>
<msg timestamp="20180509 14:51:41.914" level="WARN">Keyword 'Capture Page Screenshot' could not be run on failure: NoSuchWindowException: Message: no such window: target window already closed
from unknown error: web view not found
  (Session info: chrome=66.0.3359.139)
  (Driver info: chromedriver=2.37.544315 (730aa6a5fdba159ac9f4c1e8cbc59bf1b5ce12b7),platform=Windows NT 10.0.16299 x86_64)
</msg>
</errors>
</robot>
